Arguments: 
  /usr/local/Cellar/node/14.7.0/bin/node /usr/local/Cellar/yarn/1.22.4/libexec/bin/yarn.js add jest

PATH: 
  /Library/Frameworks/Python.framework/Versions/3.8/bin:/Library/Frameworks/Python.framework/Versions/3.9/bin:/usr/local/bin:/usr/bin:/bin:/usr/sbin:/sbin:/usr/local/bin/python3.8:/Applications/VMware Fusion.app/Contents/Public:/usr/local/go/bin:/Library/Apple/usr/bin:/Users/allenjacobson/opt/anaconda3/bin:/Users/allenjacobson/opt/anaconda3/condabin:/Library/Frameworks/Python.framework/Versions/3.8/bin:/Library/Frameworks/Python.framework/Versions/3.9/bin:/Users/allenjacobson/.cargo/bin

Yarn version: 
  1.22.4

Node version: 
  14.7.0

Platform: 
  darwin x64

Trace: 
  SyntaxError: /Users/allenjacobson/Dev/infra/packages/my-module/package.json: Unexpected token / in JSON at position 380
      at JSON.parse (<anonymous>)
      at /usr/local/Cellar/yarn/1.22.4/libexec/lib/cli.js:1625:59
      at Generator.next (<anonymous>)
      at step (/usr/local/Cellar/yarn/1.22.4/libexec/lib/cli.js:310:30)
      at /usr/local/Cellar/yarn/1.22.4/libexec/lib/cli.js:321:13

npm manifest: 
  {
      "name": "my-module",
      "version": "0.1.0",
      "private": false,
      "files": [
          "lib"
      ],
      "main": "./lib/index.js",
      "types": "./lib/types.d.ts",
      "scripts": {
          "tsc": "tsc"
      },
      "dependencies": {},
      "peerDependencies": {
          "react": ">= 16.8.0 < 17",
          "react-dom": ">= 16.8.0 < 17"
      },
      "devDependencies": {
          // "@types/jest": "24.0.11",
          // "@types/node": "11.13.0",
          // "@types/react-dom": "16.8.3",
          // "tslib": "1.9.3",
          // "@types/react": "16.8.10",
          // "typescript": "3.4.1",
          // "react": "16.8.6",
          // "react-dom": "16.8.6"
      }
  }

yarn manifest: 
  No manifest

Lockfile: 
  No lockfile
